// 重构日志: c449695b
// 重构日志: 18a5c336
// 重构日志: becbf47b
// 同步 ID: d26deb7d @ Fri May 15 09:01:02 UTC 2026
// 同步 ID: 71541d72 @ Sat May 16 23:35:50 UTC 2026
// 同步 ID: f01cb65b @ Sun May 17 12:19:42 UTC 2026
// 同步 ID: c1871b37 @ Mon May 18 13:34:15 UTC 2026
// 同步 ID: a988427b @ Sun May 31 10:31:34 UTC 2026
// 重构日志: 7e81d14b
// 同步 ID: 2cef375b @ Thu Jun  4 07:27:43 UTC 2026
// 同步 ID: 54710f7b @ Fri Jun  5 02:27:31 UTC 2026
// 同步 ID: dfbfcfbc @ Fri Jun  5 07:34:14 UTC 2026
// 同步 ID: 73dac5de @ Sat Jun  6 09:30:31 UTC 2026
// 同步 ID: 527653c6 @ Sat Jun  6 13:15:18 UTC 2026
// 同步 ID: 4969d71e @ Sat Jun  6 15:33:47 UTC 2026
// 同步 ID: 4761e4b0 @ Mon Jun  8 05:46:06 UTC 2026
// 同步 ID: 673430e1 @ Mon Jun  8 15:25:13 UTC 2026
// 同步 ID: 745e21ea @ Tue Jun  9 02:03:59 UTC 2026
// 同步 ID: 24f4cd25 @ Tue Jun  9 10:36:39 UTC 2026
// 重构日志: 0c311689
// 重构日志: 06d87f2c
// 同步 ID: 91f73f13 @ Thu Jun 11 02:15:21 UTC 2026
// 重构日志: 2e6e2d80
// 同步 ID: ea4a9e2f @ Fri Jun 12 05:21:14 UTC 2026
// 重构日志: 988400c4
// 同步 ID: 5f09393b @ Fri Jun 12 17:55:43 UTC 2026
// 重构日志: 6b125985
// 同步 ID: b4dbc78e @ Sat Jun 13 15:32:50 UTC 2026
// 重构日志: b653695c
// 同步 ID: b5bc3087 @ Sun Jun 14 17:25:55 UTC 2026
// 重构日志: 4392fe90
// 重构日志: c180dd10
// 重构日志: b1196eec
